1.) Line 110, column 29, Rule ID: CONFUSION_RULE
Message: Statistics suggests that 'Omit' (exclude) might be the correct word here, not 'Emit' (give out). Please check.
Suggestion: Omit
...   <description>     Used by sub-inspectors. Emit if what was selected was an Object ID.    </...
                                                ^^^^                                             

2.) Line 119, column 12, Rule ID: CONFUSION_RULE
Message: Statistics suggests that 'omit' (exclude) might be the correct word here, not 'emit' (give out). Please check.
Suggestion: omit
...>    </argument>    <description>     Do not emit this manually, use the [method emit_changed]...
                                                ^^^^                                             

3.) Line 135, column 5, Rule ID: CONFUSION_RULE
Message: Statistics suggests that 'Omit' (exclude) might be the correct word here, not 'Emit' (give out). Please check.
Suggestion: Omit
...String">    </argument>    <description>     Emit if you want to add this value as an animatio...
                                                ^^^^                                             

4.) Line 144, column 5, Rule ID: CONFUSION_RULE
Message: Statistics suggests that 'Omit' (exclude) might be the correct word here, not 'Emit' (give out). Please check.
Suggestion: Omit
...e="Nil">    </argument>    <description>     Emit if you want to key a property with a single ...
                                                ^^^^                                             

5.) Line 153, column 46, Rule ID: CONFUSION_RULE
Message: Statistics suggests that 'omit' (exclude) might be the correct word here, not 'emit' (give out). Please check.
Suggestion: omit
...    If you want a sub-resource to be edited, emit this signal with the resource.    </descript...
                                                ^^^^                                             
Time: 14047ms for 27 sentences (1.9 sentences/sec)
