1.) Line 31, column 30, Rule ID: CONFUSION_RULE
Message: Statistics suggests that 'but' might be the correct word here. Please check.
Suggestion: but
...">    </return>    <argument index="0" name="bit" type="int">    </argument>    <description>...
                                                ^^^                                             

2.) Line 34, column 27, Rule ID: CONFUSION_RULE
Message: Statistics suggests that 'but' might be the correct word here. Please check.
Suggestion: but
...>    <description>     Returns an individual bit on the collision mask.    </description>   <...
                                                ^^^                                             

3.) Line 40, column 30, Rule ID: CONFUSION_RULE
Message: Statistics suggests that 'but' might be the correct word here. Please check.
Suggestion: but
...">    </return>    <argument index="0" name="bit" type="int">    </argument>    <description>...
                                                ^^^                                             

4.) Line 43, column 27, Rule ID: CONFUSION_RULE
Message: Statistics suggests that 'but' might be the correct word here. Please check.
Suggestion: but
...>    <description>     Returns an individual bit on the collision mask.    </description>   <...
                                                ^^^                                             

5.) Line 64, column 30, Rule ID: CONFUSION_RULE
Message: Statistics suggests that 'but' might be the correct word here. Please check.
Suggestion: but
...">    </return>    <argument index="0" name="bit" type="int">    </argument>    <argument ind...
                                                ^^^                                             

6.) Line 75, column 30, Rule ID: CONFUSION_RULE
Message: Statistics suggests that 'but' might be the correct word here. Please check.
Suggestion: but
...">    </return>    <argument index="0" name="bit" type="int">    </argument>    <argument ind...
                                                ^^^                                             
Time: 13448ms for 20 sentences (1.5 sentences/sec)
