1.) Line 129, column 82, Rule ID: MULTIPLICATION_SIGN[2]
Message: Prefira o símbolo de multiplicação.
Suggestion: .×,; .·,
...r. This is the same as [code]Vector3( 1.0 / v.x, 1.0 / v.y, 1.0 / v.z )[/code].    </descript...
                                                ^^^                                             

2.) Line 281, column 30, Rule ID: SENT_START_CONJUNCTIVE_LINKING_ADVERB_COMMA[1]
Message: Did you forget a comma after a conjunctive/linking adverb?
Suggestion: Also,
...r="" getter="">    The vector's X component. Also accessible by using the index position [code...
                                                ^^^^                                             
More info: https://writing.wisc.edu/handbook/grammarpunct/conjadv/

3.) Line 284, column 30, Rule ID: SENT_START_CONJUNCTIVE_LINKING_ADVERB_COMMA[1]
Message: Did you forget a comma after a conjunctive/linking adverb?
Suggestion: Also,
...r="" getter="">    The vector's Y component. Also accessible by using the index position [code...
                                                ^^^^                                             
More info: https://writing.wisc.edu/handbook/grammarpunct/conjadv/

4.) Line 287, column 30, Rule ID: SENT_START_CONJUNCTIVE_LINKING_ADVERB_COMMA[1]
Message: Did you forget a comma after a conjunctive/linking adverb?
Suggestion: Also,
...r="" getter="">    The vector's Z component. Also accessible by using the index position [code...
                                                ^^^^                                             
More info: https://writing.wisc.edu/handbook/grammarpunct/conjadv/
Time: 14806ms for 63 sentences (4.3 sentences/sec)
